<?xml version="1.0" encoding="UTF-8"?>
<!-- Generated by org.testng.reporters.JUnitXMLReporter -->
<testsuite hostname="idea-PC" name="Test" tests="1" failures="1" timestamp="28 Apr 2020 20:29:26 GMT" time="0.809" errors="0">
  <testcase name="getData" time="0.774" classname="com.atcost.qa.testcases.LandingPageTest">
    <failure type="java.lang.NullPointerException">
      <![CDATA[java.lang.NullPointerException
	at com.atcost.qa.testcases.LandingPageTest.getData(LandingPageTest.java:30)
... Removed 24 stack frames]]>
    </failure>
  </testcase> <!-- getData -->
</testsuite> <!-- Test -->
